Logfile initialized
[INFO] logfile = D:\Titanium-Workspace\Restarunt\build.log
[DEBUG] C:\Users\karthi\AppData\Roaming\Titanium\mobilesdk\win32\2.1.1.GA\android\builder.py simulator Restarunt D:\android-sdk-windows D:\Titanium-Workspace\Restarunt com.titutorial 13 WQVGA400
[INFO] Building Restarunt for Android ... one moment
[INFO] Titanium SDK version: 2.1.1 (07/27/12 14:01 0fd84a2)
[DEBUG] Waiting for device to be ready ...
[TRACE] adb devices returned 0 devices/emulators
[DEBUG] D:\android-sdk-windows\tools\emulator.exe -avd titanium_13_WQVGA400 -port 5560 -sdcard "C:\Users\karthi\.titanium\titanium_13_WQVGA400.sdcard" -logcat *:d,*,TiAPI:V -no-boot-anim -partition-size 128
[DEBUG] signal caught: 3
[DEBUG] calling emulator kill on 5648
[TRACE] adb devices returned 0 devices/emulators
[TRACE] adb devices returned 0 devices/emulators
[TRACE] adb devices returned 1 devices/emulators
[TRACE] adb devices returned 1 devices/emulators
[TRACE] adb devices returned 1 devices/emulators
[TRACE] adb devices returned 1 devices/emulators
[TRACE] adb devices returned 1 devices/emulators
[TRACE] adb devices returned 1 devices/emulators
[TRACE] adb devices returned 1 devices/emulators
[TRACE] adb devices returned 1 devices/emulators
[TRACE] adb devices returned 1 devices/emulators
[DEBUG] Device connected... (waited 55 seconds)
[DEBUG] waited 55.961000 seconds on emulator to get ready
[INFO] Waiting for the Android Emulator to become available
[DEBUG] com.titutorial installed? True
[INFO] Fastdev server running, deploying in Fastdev mode
[INFO] Copying CommonJS modules...
[INFO] Copying project resources..
[INFO] Detected change in tiapp.xml, or assets deleted. Forcing full re-build...
[TRACE] COPYING CREATED FILE: D:\Titanium-Workspace\Restarunt\Resources\android\appicon.png => D:\Titanium-Workspace\Restarunt\build\android\bin\assets\Resources\appicon.png
[TRACE] COPYING CREATED FILE: D:\Titanium-Workspace\Restarunt\Resources\android\default.png => D:\Titanium-Workspace\Restarunt\build\android\bin\assets\Resources\default.png
[TRACE] COPYING CREATED FILE: D:\Titanium-Workspace\Restarunt\Resources\android\restarunt.sqlite => D:\Titanium-Workspace\Restarunt\build\android\bin\assets\Resources\restarunt.sqlite
[TRACE] COPYING CREATED FILE: D:\Titanium-Workspace\Restarunt\Resources\app.js => D:\Titanium-Workspace\Restarunt\build\android\bin\assets\Resources\app.js
[TRACE] COPYING CREATED FILE: D:\Titanium-Workspace\Restarunt\Resources\db.js => D:\Titanium-Workspace\Restarunt\build\android\bin\assets\Resources\db.js
[TRACE] COPYING CREATED FILE: D:\Titanium-Workspace\Restarunt\Resources\KS_nav_ui.png => D:\Titanium-Workspace\Restarunt\build\android\bin\assets\Resources\KS_nav_ui.png
[TRACE] COPYING CREATED FILE: D:\Titanium-Workspace\Restarunt\Resources\KS_nav_views.png => D:\Titanium-Workspace\Restarunt\build\android\bin\assets\Resources\KS_nav_views.png
[TRACE] Generating Java Classes
[DEBUG] Processing Android resource drawables
[TRACE] COPYING FILE: D:\Titanium-Workspace\Restarunt\Resources\android\images\res-long-land-hdpi\default.png => D:\Titanium-Workspace\Restarunt\build\android\res\drawable-long-land-hdpi\default_d44e27d97b.png
[TRACE] COPYING FILE: D:\Titanium-Workspace\Restarunt\Resources\android\images\res-long-land-ldpi\default.png => D:\Titanium-Workspace\Restarunt\build\android\res\drawable-long-land-ldpi\default_d44e27d97b.png
[TRACE] COPYING FILE: D:\Titanium-Workspace\Restarunt\Resources\android\images\res-long-port-hdpi\default.png => D:\Titanium-Workspace\Restarunt\build\android\res\drawable-long-port-hdpi\default_d44e27d97b.png
[TRACE] COPYING FILE: D:\Titanium-Workspace\Restarunt\Resources\android\images\res-long-port-ldpi\default.png => D:\Titanium-Workspace\Restarunt\build\android\res\drawable-long-port-ldpi\default_d44e27d97b.png
[TRACE] COPYING FILE: D:\Titanium-Workspace\Restarunt\Resources\android\images\res-notlong-land-hdpi\default.png => D:\Titanium-Workspace\Restarunt\build\android\res\drawable-notlong-land-hdpi\default_d44e27d97b.png
[TRACE] COPYING FILE: D:\Titanium-Workspace\Restarunt\Resources\android\images\res-notlong-land-ldpi\default.png => D:\Titanium-Workspace\Restarunt\build\android\res\drawable-notlong-land-ldpi\default_d44e27d97b.png
[TRACE] COPYING FILE: D:\Titanium-Workspace\Restarunt\Resources\android\images\res-notlong-land-mdpi\default.png => D:\Titanium-Workspace\Restarunt\build\android\res\drawable-notlong-land-mdpi\default_d44e27d97b.png
[TRACE] COPYING FILE: D:\Titanium-Workspace\Restarunt\Resources\android\images\res-notlong-port-hdpi\default.png => D:\Titanium-Workspace\Restarunt\build\android\res\drawable-notlong-port-hdpi\default_d44e27d97b.png
[TRACE] COPYING FILE: D:\Titanium-Workspace\Restarunt\Resources\android\images\res-notlong-port-ldpi\default.png => D:\Titanium-Workspace\Restarunt\build\android\res\drawable-notlong-port-ldpi\default_d44e27d97b.png
[TRACE] COPYING FILE: D:\Titanium-Workspace\Restarunt\Resources\android\images\res-notlong-port-mdpi\default.png => D:\Titanium-Workspace\Restarunt\build\android\res\drawable-notlong-port-mdpi\default_d44e27d97b.png
[DEBUG] app stylesheet => D:\Titanium-Workspace\Restarunt\build\android\gen\com\titutorial\ApplicationStylesheet.java
[DEBUG] copying app icon: D:\Titanium-Workspace\Restarunt\build\android\bin\assets\Resources\appicon.png
[DEBUG] generating theme.xml
[DEBUG] found drawable-long-land-hdpi splash screen at D:\Titanium-Workspace\Restarunt\Resources\android\images\res-long-land-hdpi\default.png
[DEBUG] copying D:\Titanium-Workspace\Restarunt\Resources\android\images\res-long-land-hdpi\default.png splash screen to D:\Titanium-Workspace\Restarunt\build\android\res\drawable-long-land-hdpi\background.png
[DEBUG] found drawable-long-land-ldpi splash screen at D:\Titanium-Workspace\Restarunt\Resources\android\images\res-long-land-ldpi\default.png
[DEBUG] copying D:\Titanium-Workspace\Restarunt\Resources\android\images\res-long-land-ldpi\default.png splash screen to D:\Titanium-Workspace\Restarunt\build\android\res\drawable-long-land-ldpi\background.png
[DEBUG] found drawable-long-port-hdpi splash screen at D:\Titanium-Workspace\Restarunt\Resources\android\images\res-long-port-hdpi\default.png
[DEBUG] copying D:\Titanium-Workspace\Restarunt\Resources\android\images\res-long-port-hdpi\default.png splash screen to D:\Titanium-Workspace\Restarunt\build\android\res\drawable-long-port-hdpi\background.png
[DEBUG] found drawable-long-port-ldpi splash screen at D:\Titanium-Workspace\Restarunt\Resources\android\images\res-long-port-ldpi\default.png
[DEBUG] copying D:\Titanium-Workspace\Restarunt\Resources\android\images\res-long-port-ldpi\default.png splash screen to D:\Titanium-Workspace\Restarunt\build\android\res\drawable-long-port-ldpi\background.png
[DEBUG] found drawable-notlong-land-hdpi splash screen at D:\Titanium-Workspace\Restarunt\Resources\android\images\res-notlong-land-hdpi\default.png
[DEBUG] copying D:\Titanium-Workspace\Restarunt\Resources\android\images\res-notlong-land-hdpi\default.png splash screen to D:\Titanium-Workspace\Restarunt\build\android\res\drawable-notlong-land-hdpi\background.png
[DEBUG] found drawable-notlong-land-ldpi splash screen at D:\Titanium-Workspace\Restarunt\Resources\android\images\res-notlong-land-ldpi\default.png
[DEBUG] copying D:\Titanium-Workspace\Restarunt\Resources\android\images\res-notlong-land-ldpi\default.png splash screen to D:\Titanium-Workspace\Restarunt\build\android\res\drawable-notlong-land-ldpi\background.png
[DEBUG] found drawable-notlong-land-mdpi splash screen at D:\Titanium-Workspace\Restarunt\Resources\android\images\res-notlong-land-mdpi\default.png
[DEBUG] copying D:\Titanium-Workspace\Restarunt\Resources\android\images\res-notlong-land-mdpi\default.png splash screen to D:\Titanium-Workspace\Restarunt\build\android\res\drawable-notlong-land-mdpi\background.png
[DEBUG] found drawable-notlong-port-hdpi splash screen at D:\Titanium-Workspace\Restarunt\Resources\android\images\res-notlong-port-hdpi\default.png
[DEBUG] copying D:\Titanium-Workspace\Restarunt\Resources\android\images\res-notlong-port-hdpi\default.png splash screen to D:\Titanium-Workspace\Restarunt\build\android\res\drawable-notlong-port-hdpi\background.png
[DEBUG] found drawable-notlong-port-ldpi splash screen at D:\Titanium-Workspace\Restarunt\Resources\android\images\res-notlong-port-ldpi\default.png
[DEBUG] copying D:\Titanium-Workspace\Restarunt\Resources\android\images\res-notlong-port-ldpi\default.png splash screen to D:\Titanium-Workspace\Restarunt\build\android\res\drawable-notlong-port-ldpi\background.png
[DEBUG] found drawable-notlong-port-mdpi splash screen at D:\Titanium-Workspace\Restarunt\Resources\android\images\res-notlong-port-mdpi\default.png
[DEBUG] copying D:\Titanium-Workspace\Restarunt\Resources\android\images\res-notlong-port-mdpi\default.png splash screen to D:\Titanium-Workspace\Restarunt\build\android\res\drawable-notlong-port-mdpi\background.png
[DEBUG] found splash screen at D:\Titanium-Workspace\Restarunt\build\android\bin\assets\Resources\default.png
[TRACE] Writing out AndroidManifest.xml
[DEBUG] adding D:\Titanium-Workspace\Restarunt\build\android\gen\com\titutorial\ApplicationStylesheet.java to javac build list
[DEBUG] adding D:\Titanium-Workspace\Restarunt\build\android\gen\com\titutorial\R.java to javac build list
[DEBUG] adding D:\Titanium-Workspace\Restarunt\build\android\gen\com\titutorial\RestaruntActivity.java to javac build list
[DEBUG] adding D:\Titanium-Workspace\Restarunt\build\android\gen\com\titutorial\RestaruntAppInfo.java to javac build list
[DEBUG] adding D:\Titanium-Workspace\Restarunt\build\android\gen\com\titutorial\RestaruntApplication.java to javac build list
[DEBUG] Building Java Sources: "D:\\Titanium-Workspace\\Restarunt\\build\\android\\gen\\com\\titutorial\\ApplicationStylesheet.java" "D:\\Titanium-Workspace\\Restarunt\\build\\android\\gen\\com\\titutorial\\R.java" "D:\\Titanium-Workspace\\Restarunt\\build\\android\\gen\\com\\titutorial\\RestaruntActivity.java" "D:\\Titanium-Workspace\\Restarunt\\build\\android\\gen\\com\\titutorial\\RestaruntAppInfo.java" "D:\\Titanium-Workspace\\Restarunt\\build\\android\\gen\\com\\titutorial\\RestaruntApplication.java"
[INFO] Waiting for SDCard to become available..
[INFO] Compiling Android Resources... This could take some time
[DEBUG] Android classes.dex built
[DEBUG] creating unsigned apk: D:\Titanium-Workspace\Restarunt\build\android\bin\app-unsigned.apk
[DEBUG] from resource zip => assets/Resources/KS_nav_ui.png
[DEBUG] from resource zip => assets/Resources/KS_nav_views.png
[DEBUG] from resource zip => assets/Resources/app.js
[DEBUG] from resource zip => assets/Resources/appicon.png
[DEBUG] from resource zip => assets/Resources/db.js
[DEBUG] from resource zip => assets/Resources/default.png
[DEBUG] from resource zip => assets/Resources/restarunt.sqlite
[DEBUG] from resource zip => assets/Resources/ti.cloud.js
[DEBUG] from resource zip => assets/app.json
[DEBUG] from resource zip => assets/index.json
[DEBUG] from resource zip => assets/tiapp.xml
[DEBUG] from resource zip => res/drawable/appicon.png
[DEBUG] from resource zip => res/drawable/background.png
[DEBUG] from resource zip => res/drawable/close.png
[DEBUG] from resource zip => res/drawable/facebook_login.png
[DEBUG] from resource zip => res/drawable/facebook_login_down.png
[DEBUG] from resource zip => res/drawable/facebook_login_wide.png
[DEBUG] from resource zip => res/drawable/facebook_login_wide_down.png
[DEBUG] from resource zip => res/drawable/facebook_logout.png
[DEBUG] from resource zip => res/drawable/facebook_logout_down.png
[DEBUG] from resource zip => res/layout/titanium_tabgroup.xml
[DEBUG] from resource zip => AndroidManifest.xml
[DEBUG] from resource zip => resources.arsc
[DEBUG] from resource zip => res/drawable-hdpi/close.png
[DEBUG] from resource zip => res/drawable-ldpi/close.png
[DEBUG] from resource zip => res/drawable-long-land-hdpi/background.png
[DEBUG] from resource zip => res/drawable-long-land-hdpi/default_d44e27d97b.png
[DEBUG] from resource zip => res/drawable-long-land-ldpi/background.png
[DEBUG] from resource zip => res/drawable-long-land-ldpi/default_d44e27d97b.png
[DEBUG] from resource zip => res/drawable-long-port-hdpi/background.png
[DEBUG] from resource zip => res/drawable-long-port-hdpi/default_d44e27d97b.png
[DEBUG] from resource zip => res/drawable-long-port-ldpi/background.png
[DEBUG] from resource zip => res/drawable-long-port-ldpi/default_d44e27d97b.png
[DEBUG] from resource zip => res/drawable-notlong-land-hdpi/background.png
[DEBUG] from resource zip => res/drawable-notlong-land-hdpi/default_d44e27d97b.png
[DEBUG] from resource zip => res/drawable-notlong-land-ldpi/background.png
[DEBUG] from resource zip => res/drawable-notlong-land-ldpi/default_d44e27d97b.png
[DEBUG] from resource zip => res/drawable-notlong-land-mdpi/background.png
[DEBUG] from resource zip => res/drawable-notlong-land-mdpi/default_d44e27d97b.png
[DEBUG] from resource zip => res/drawable-notlong-port-hdpi/background.png
[DEBUG] from resource zip => res/drawable-notlong-port-hdpi/default_d44e27d97b.png
[DEBUG] from resource zip => res/drawable-notlong-port-ldpi/background.png
[DEBUG] from resource zip => res/drawable-notlong-port-ldpi/default_d44e27d97b.png
[DEBUG] from resource zip => res/drawable-notlong-port-mdpi/background.png
[DEBUG] from resource zip => res/drawable-notlong-port-mdpi/default_d44e27d97b.png
[DEBUG] from JAR C:\Users\karthi\AppData\Roaming\Titanium\mobilesdk\win32\2.1.1.GA\android\titanium.jar => org/appcelerator/titanium/build.properties
[DEBUG] from JAR C:\Users\karthi\AppData\Roaming\Titanium\mobilesdk\win32\2.1.1.GA\android\titanium.jar => org/appcelerator/titanium/res/drawable/background.png
[DEBUG] from JAR C:\Users\karthi\AppData\Roaming\Titanium\mobilesdk\win32\2.1.1.GA\android\titanium.jar => org/appcelerator/titanium/res/drawable/btn_check_buttonless_on.png
[DEBUG] from JAR C:\Users\karthi\AppData\Roaming\Titanium\mobilesdk\win32\2.1.1.GA\android\titanium.jar => org/appcelerator/titanium/res/drawable/btn_check_buttonless_on_18.png
[DEBUG] from JAR C:\Users\karthi\AppData\Roaming\Titanium\mobilesdk\win32\2.1.1.GA\android\titanium.jar => org/appcelerator/titanium/res/drawable/btn_check_buttonless_on_48.png
[DEBUG] from JAR C:\Users\karthi\AppData\Roaming\Titanium\mobilesdk\win32\2.1.1.GA\android\titanium.jar => org/appcelerator/titanium/res/drawable/btn_more.png
[DEBUG] from JAR C:\Users\karthi\AppData\Roaming\Titanium\mobilesdk\win32\2.1.1.GA\android\titanium.jar => org/appcelerator/titanium/res/drawable/btn_more_18.png
[DEBUG] from JAR C:\Users\karthi\AppData\Roaming\Titanium\mobilesdk\win32\2.1.1.GA\android\titanium.jar => org/appcelerator/titanium/res/drawable/btn_more_48.png
[DEBUG] from JAR C:\Users\karthi\AppData\Roaming\Titanium\mobilesdk\win32\2.1.1.GA\android\titanium.jar => org/appcelerator/titanium/res/drawable/btn_picker_normal.9.png
[DEBUG] from JAR C:\Users\karthi\AppData\Roaming\Titanium\mobilesdk\win32\2.1.1.GA\android\titanium.jar => org/appcelerator/titanium/res/drawable/btn_picker_pressed.9.png
[DEBUG] from JAR C:\Users\karthi\AppData\Roaming\Titanium\mobilesdk\win32\2.1.1.GA\android\titanium.jar => org/appcelerator/titanium/res/drawable/btn_picker_selected.9.png
[DEBUG] from JAR C:\Users\karthi\AppData\Roaming\Titanium\mobilesdk\win32\2.1.1.GA\android\titanium.jar => org/appcelerator/titanium/res/drawable/default_icon.png
[DEBUG] from JAR C:\Users\karthi\AppData\Roaming\Titanium\mobilesdk\win32\2.1.1.GA\android\titanium.jar => org/appcelerator/titanium/res/drawable/photoDefault.png
[DEBUG] from JAR C:\Users\karthi\AppData\Roaming\Titanium\mobilesdk\win32\2.1.1.GA\android\modules\titanium-ui.jar => ti/modules/titanium/ui/widget/webview/binding.js
[DEBUG] from JAR C:\Users\karthi\AppData\Roaming\Titanium\mobilesdk\win32\2.1.1.GA\android\modules\titanium-ui.jar => ti/modules/titanium/ui/widget/webview/binding.min.js
[DEBUG] from JAR C:\Users\karthi\AppData\Roaming\Titanium\mobilesdk\win32\2.1.1.GA\android\modules\titanium-ui.jar => ti/modules/titanium/ui/widget/webview/json2.js
[DEBUG] from JAR C:\Users\karthi\AppData\Roaming\Titanium\mobilesdk\win32\2.1.1.GA\android\modules\titanium-ui.jar => ti/modules/titanium/ui/widget/webview/polling.js
[DEBUG] from JAR C:\Users\karthi\AppData\Roaming\Titanium\mobilesdk\win32\2.1.1.GA\android\modules\titanium-ui.jar => ti/modules/titanium/ui/widget/webview/polling.min.js
[DEBUG] from JAR C:\Users\karthi\AppData\Roaming\Titanium\mobilesdk\win32\2.1.1.GA\android\thirdparty.jar => org/apache/Commons-NOTICE.txt
[DEBUG] from JAR C:\Users\karthi\AppData\Roaming\Titanium\mobilesdk\win32\2.1.1.GA\android\thirdparty.jar => org/apache/HttpComponents-NOTICE.txt
[DEBUG] from JAR C:\Users\karthi\AppData\Roaming\Titanium\mobilesdk\win32\2.1.1.GA\android\thirdparty.jar => org/apache/mime4j-NOTICE.txt
[DEBUG] from JAR C:\Users\karthi\AppData\Roaming\Titanium\mobilesdk\win32\2.1.1.GA\android\modules\titanium-facebook.jar => ti/modules/titanium/facebook/LICENSE
[DEBUG] installing native SDK libs
[DEBUG] Waiting for device to be ready ...
[TRACE] adb devices returned 1 devices/emulators
[DEBUG] Device connected... (waited 0 seconds)
[DEBUG] waited 0.060000 seconds on emulator to get ready
[INFO] Installing application on emulator
[INFO] Launching application ... Restarunt
[TRACE] Launch output: Starting: Intent { act=android.intent.action.MAIN cat=[android.intent.category.LAUNCHER] cmp=com.titutorial/.RestaruntActivity }

[INFO] Deployed Restarunt ... Application should be running.
